
Gurobi 11.0.3 (win64, Java) logging started Sun Apr 27 19:02:12 2025

Set parameter Username
Set parameter LogFile to value "dummy_master.log"
Academic license - for non-commercial use only - expires 2025-10-31
Gurobi Optimizer version 11.0.3 build v11.0.3rc0 (win64 - Windows 11+.0 (26100.2))

CPU model: AMD Ryzen 7 7840HS with Radeon 780M Graphics, instruction set [SSE2|AVX|AVX2|AVX512]
Thread count: 8 physical cores, 16 logical processors, using up to 16 threads

Optimize a model with 28 rows, 4 columns and 28 nonzeros
Model fingerprint: 0x799b2605
Coefficient statistics:
  Matrix range     [1e+00, 1e+00]
  Objective range  [1e+02, 1e+02]
  Bounds range     [1e+00, 1e+00]
  RHS range        [1e+00, 1e+00]
Presolve removed 28 rows and 4 columns
Presolve time: 0.00s
Presolve: All rows and columns removed
Iteration    Objective       Primal Inf.    Dual Inf.      Time
       0    4.6000000e+02   0.000000e+00   0.000000e+00      0s

Solved in 0 iterations and 0.00 seconds (0.00 work units)
Optimal objective  4.600000000e+02
