
Gurobi 11.0.3 (win64, Java) logging started Mon May  5 08:37:01 2025

Set parameter Username
Set parameter LogFile to value "master.log"
Academic license - for non-commercial use only - expires 2025-10-31
Gurobi Optimizer version 11.0.3 build v11.0.3rc0 (win64 - Windows 11+.0 (26100.2))

CPU model: Intel(R) Core(TM) i7-10750H CPU @ 2.60GHz, instruction set [SSE2|AVX|AVX2]
Thread count: 6 physical cores, 12 logical processors, using up to 12 threads

Optimize a model with 33 rows, 4 columns and 34 nonzeros
Model fingerprint: 0x4cb9b0a4
Variable types: 0 continuous, 4 integer (4 binary)
Coefficient statistics:
  Matrix range     [1e+00, 1e+00]
  Objective range  [2e+03, 2e+03]
  Bounds range     [1e+00, 1e+00]
  RHS range        [1e+00, 1e+00]
Presolve time: 0.00s

Explored 0 nodes (0 simplex iterations) in 0.00 seconds (0.00 work units)
Thread count was 1 (of 12 available processors)

Solution count 0

Model is infeasible
Best objective -, best bound -, gap -

Gurobi 11.0.3 (win64, Java) logging started Mon May  5 08:38:31 2025

Set parameter Username
Set parameter LogFile to value "master.log"
Academic license - for non-commercial use only - expires 2025-10-31
Gurobi Optimizer version 11.0.3 build v11.0.3rc0 (win64 - Windows 11+.0 (26100.2))

CPU model: Intel(R) Core(TM) i7-10750H CPU @ 2.60GHz, instruction set [SSE2|AVX|AVX2]
Thread count: 6 physical cores, 12 logical processors, using up to 12 threads

Optimize a model with 33 rows, 4 columns and 34 nonzeros
Model fingerprint: 0x4cb9b0a4
Variable types: 0 continuous, 4 integer (4 binary)
Coefficient statistics:
  Matrix range     [1e+00, 1e+00]
  Objective range  [2e+03, 2e+03]
  Bounds range     [1e+00, 1e+00]
  RHS range        [1e+00, 1e+00]
Presolve time: 0.00s

Explored 0 nodes (0 simplex iterations) in 0.00 seconds (0.00 work units)
Thread count was 1 (of 12 available processors)

Solution count 0

Model is infeasible
Best objective -, best bound -, gap -

Gurobi 11.0.3 (win64, Java) logging started Mon May  5 08:41:08 2025

Set parameter Username
Set parameter LogFile to value "master.log"
Academic license - for non-commercial use only - expires 2025-10-31
Gurobi Optimizer version 11.0.3 build v11.0.3rc0 (win64 - Windows 11+.0 (26100.2))

CPU model: Intel(R) Core(TM) i7-10750H CPU @ 2.60GHz, instruction set [SSE2|AVX|AVX2]
Thread count: 6 physical cores, 12 logical processors, using up to 12 threads

Optimize a model with 5 rows, 4 columns and 6 nonzeros
Model fingerprint: 0xf03dfc05
Variable types: 0 continuous, 4 integer (4 binary)
Coefficient statistics:
  Matrix range     [1e+00, 1e+00]
  Objective range  [2e+03, 2e+03]
  Bounds range     [1e+00, 1e+00]
  RHS range        [1e+00, 1e+00]
Presolve time: 0.00s

Explored 0 nodes (0 simplex iterations) in 0.00 seconds (0.00 work units)
Thread count was 1 (of 12 available processors)

Solution count 0

Model is infeasible
Best objective -, best bound -, gap -

Gurobi 11.0.3 (win64, Java) logging started Mon May  5 08:54:45 2025

Set parameter Username
Set parameter LogFile to value "master.log"
Academic license - for non-commercial use only - expires 2025-10-31

Gurobi 11.0.3 (win64, Java) logging started Mon May  5 08:58:06 2025

Set parameter Username
Set parameter LogFile to value "master.log"
Academic license - for non-commercial use only - expires 2025-10-31

Gurobi 11.0.3 (win64, Java) logging started Mon May  5 09:02:04 2025

Set parameter Username
Set parameter LogFile to value "master.log"
Academic license - for non-commercial use only - expires 2025-10-31

Gurobi 11.0.3 (win64, Java) logging started Mon May  5 09:51:09 2025

Set parameter Username
Set parameter LogFile to value "master.log"
Academic license - for non-commercial use only - expires 2025-10-31

Gurobi 11.0.3 (win64, Java) logging started Mon May  5 09:58:56 2025

Set parameter Username
Set parameter LogFile to value "master.log"
Academic license - for non-commercial use only - expires 2025-10-31

Gurobi 11.0.3 (win64, Java) logging started Mon May  5 10:14:35 2025

Set parameter Username
Set parameter LogFile to value "master.log"
Academic license - for non-commercial use only - expires 2025-10-31

Gurobi 11.0.3 (win64, Java) logging started Mon May  5 10:34:51 2025

Set parameter Username
Set parameter LogFile to value "master.log"
Academic license - for non-commercial use only - expires 2025-10-31
Gurobi Optimizer version 11.0.3 build v11.0.3rc0 (win64 - Windows 11+.0 (26100.2))

CPU model: Intel(R) Core(TM) i7-10750H CPU @ 2.60GHz, instruction set [SSE2|AVX|AVX2]
Thread count: 6 physical cores, 12 logical processors, using up to 12 threads

Optimize a model with 5 rows, 4 columns and 6 nonzeros
Model fingerprint: 0xf03dfc05
Variable types: 0 continuous, 4 integer (4 binary)
Coefficient statistics:
  Matrix range     [1e+00, 1e+00]
  Objective range  [2e+03, 2e+03]
  Bounds range     [1e+00, 1e+00]
  RHS range        [1e+00, 1e+00]
Presolve time: 0.00s

Explored 0 nodes (0 simplex iterations) in 0.00 seconds (0.00 work units)
Thread count was 1 (of 12 available processors)

Solution count 0

Model is infeasible
Best objective -, best bound -, gap -

Gurobi 11.0.3 (win64, Java) logging started Mon May  5 10:40:12 2025

Set parameter Username
Set parameter LogFile to value "master.log"
Academic license - for non-commercial use only - expires 2025-10-31
Gurobi Optimizer version 11.0.3 build v11.0.3rc0 (win64 - Windows 11+.0 (26100.2))

CPU model: Intel(R) Core(TM) i7-10750H CPU @ 2.60GHz, instruction set [SSE2|AVX|AVX2]
Thread count: 6 physical cores, 12 logical processors, using up to 12 threads

Optimize a model with 4 rows, 4 columns and 4 nonzeros
Model fingerprint: 0xd5325052
Variable types: 0 continuous, 4 integer (4 binary)
Coefficient statistics:
  Matrix range     [1e+00, 1e+00]
  Objective range  [2e+03, 2e+03]
  Bounds range     [1e+00, 1e+00]
  RHS range        [1e+00, 1e+00]
Found heuristic solution: objective 8276.0000000
Presolve removed 4 rows and 4 columns
Presolve time: 0.00s
Presolve: All rows and columns removed

Explored 0 nodes (0 simplex iterations) in 0.00 seconds (0.00 work units)
Thread count was 1 (of 12 available processors)

Solution count 1: 8276 

Optimal solution found (tolerance 1.00e-04)
Best objective 8.276000000000e+03, best bound 8.276000000000e+03, gap 0.0000%

Gurobi 11.0.3 (win64, Java) logging started Mon May  5 10:40:34 2025

Set parameter Username
Set parameter LogFile to value "master.log"
Academic license - for non-commercial use only - expires 2025-10-31
Gurobi Optimizer version 11.0.3 build v11.0.3rc0 (win64 - Windows 11+.0 (26100.2))

CPU model: Intel(R) Core(TM) i7-10750H CPU @ 2.60GHz, instruction set [SSE2|AVX|AVX2]
Thread count: 6 physical cores, 12 logical processors, using up to 12 threads

Optimize a model with 32 rows, 4 columns and 32 nonzeros
Model fingerprint: 0x082b8378
Variable types: 0 continuous, 4 integer (4 binary)
Coefficient statistics:
  Matrix range     [1e+00, 1e+00]
  Objective range  [2e+03, 2e+03]
  Bounds range     [1e+00, 1e+00]
  RHS range        [1e+00, 1e+00]
Found heuristic solution: objective 8276.0000000
Presolve removed 32 rows and 4 columns
Presolve time: 0.00s
Presolve: All rows and columns removed

Explored 0 nodes (0 simplex iterations) in 0.00 seconds (0.00 work units)
Thread count was 1 (of 12 available processors)

Solution count 1: 8276 

Optimal solution found (tolerance 1.00e-04)
Best objective 8.276000000000e+03, best bound 8.276000000000e+03, gap 0.0000%

Gurobi 11.0.3 (win64, Java) logging started Mon May  5 10:41:00 2025

Set parameter Username
Set parameter LogFile to value "master.log"
Academic license - for non-commercial use only - expires 2025-10-31
Gurobi Optimizer version 11.0.3 build v11.0.3rc0 (win64 - Windows 11+.0 (26100.2))

CPU model: Intel(R) Core(TM) i7-10750H CPU @ 2.60GHz, instruction set [SSE2|AVX|AVX2]
Thread count: 6 physical cores, 12 logical processors, using up to 12 threads

Optimize a model with 32 rows, 4 columns and 32 nonzeros
Model fingerprint: 0x082b8378
Variable types: 0 continuous, 4 integer (4 binary)
Coefficient statistics:
  Matrix range     [1e+00, 1e+00]
  Objective range  [2e+03, 2e+03]
  Bounds range     [1e+00, 1e+00]
  RHS range        [1e+00, 1e+00]
Found heuristic solution: objective 8276.0000000
Presolve removed 32 rows and 4 columns
Presolve time: 0.00s
Presolve: All rows and columns removed

Explored 0 nodes (0 simplex iterations) in 0.00 seconds (0.00 work units)
Thread count was 1 (of 12 available processors)

Solution count 1: 8276 

Optimal solution found (tolerance 1.00e-04)
Best objective 8.276000000000e+03, best bound 8.276000000000e+03, gap 0.0000%

Gurobi 11.0.3 (win64, Java) logging started Mon May  5 10:48:02 2025

Set parameter Username
Set parameter LogFile to value "master.log"
Academic license - for non-commercial use only - expires 2025-10-31
Gurobi Optimizer version 11.0.3 build v11.0.3rc0 (win64 - Windows 11+.0 (26100.2))

CPU model: Intel(R) Core(TM) i7-10750H CPU @ 2.60GHz, instruction set [SSE2|AVX|AVX2]
Thread count: 6 physical cores, 12 logical processors, using up to 12 threads

Optimize a model with 62 rows, 4 columns and 44 nonzeros
Model fingerprint: 0x0d9e6fb0
Variable types: 0 continuous, 4 integer (4 binary)
Coefficient statistics:
  Matrix range     [1e+00, 1e+00]
  Objective range  [2e+03, 2e+03]
  Bounds range     [1e+00, 1e+00]
  RHS range        [1e+00, 1e+00]
Presolve removed 29 rows and 0 columns
Presolve time: 0.00s

Explored 0 nodes (0 simplex iterations) in 0.00 seconds (0.00 work units)
Thread count was 1 (of 12 available processors)

Solution count 0

Model is infeasible
Best objective -, best bound -, gap -

Gurobi 11.0.3 (win64, Java) logging started Mon May  5 10:49:12 2025

Set parameter Username
Set parameter LogFile to value "master.log"
Academic license - for non-commercial use only - expires 2025-10-31
Gurobi Optimizer version 11.0.3 build v11.0.3rc0 (win64 - Windows 11+.0 (26100.2))

CPU model: Intel(R) Core(TM) i7-10750H CPU @ 2.60GHz, instruction set [SSE2|AVX|AVX2]
Thread count: 6 physical cores, 12 logical processors, using up to 12 threads

Optimize a model with 32 rows, 4 columns and 32 nonzeros
Model fingerprint: 0x082b8378
Variable types: 0 continuous, 4 integer (4 binary)
Coefficient statistics:
  Matrix range     [1e+00, 1e+00]
  Objective range  [2e+03, 2e+03]
  Bounds range     [1e+00, 1e+00]
  RHS range        [1e+00, 1e+00]
Found heuristic solution: objective 8276.0000000
Presolve removed 32 rows and 4 columns
Presolve time: 0.00s
Presolve: All rows and columns removed

Explored 0 nodes (0 simplex iterations) in 0.00 seconds (0.00 work units)
Thread count was 1 (of 12 available processors)

Solution count 1: 8276 

Optimal solution found (tolerance 1.00e-04)
Best objective 8.276000000000e+03, best bound 8.276000000000e+03, gap 0.0000%

Gurobi 11.0.3 (win64, Java) logging started Mon May  5 10:52:36 2025

Set parameter Username
Set parameter LogFile to value "master.log"
Academic license - for non-commercial use only - expires 2025-10-31
Gurobi Optimizer version 11.0.3 build v11.0.3rc0 (win64 - Windows 11+.0 (26100.2))

CPU model: Intel(R) Core(TM) i7-10750H CPU @ 2.60GHz, instruction set [SSE2|AVX|AVX2]
Thread count: 6 physical cores, 12 logical processors, using up to 12 threads

Optimize a model with 62 rows, 4 columns and 44 nonzeros
Model fingerprint: 0x0d9e6fb0
Variable types: 0 continuous, 4 integer (4 binary)
Coefficient statistics:
  Matrix range     [1e+00, 1e+00]
  Objective range  [2e+03, 2e+03]
  Bounds range     [1e+00, 1e+00]
  RHS range        [1e+00, 1e+00]
Presolve removed 29 rows and 0 columns
Presolve time: 0.00s

Explored 0 nodes (0 simplex iterations) in 0.00 seconds (0.00 work units)
Thread count was 1 (of 12 available processors)

Solution count 0

Model is infeasible
Best objective -, best bound -, gap -

Gurobi 11.0.3 (win64, Java) logging started Mon May  5 10:56:25 2025

Set parameter Username
Set parameter LogFile to value "master.log"
Academic license - for non-commercial use only - expires 2025-10-31
Gurobi Optimizer version 11.0.3 build v11.0.3rc0 (win64 - Windows 11+.0 (26100.2))

CPU model: Intel(R) Core(TM) i7-10750H CPU @ 2.60GHz, instruction set [SSE2|AVX|AVX2]
Thread count: 6 physical cores, 12 logical processors, using up to 12 threads

Optimize a model with 62 rows, 4 columns and 44 nonzeros
Model fingerprint: 0x0d9e6fb0
Variable types: 0 continuous, 4 integer (4 binary)
Coefficient statistics:
  Matrix range     [1e+00, 1e+00]
  Objective range  [2e+03, 2e+03]
  Bounds range     [1e+00, 1e+00]
  RHS range        [1e+00, 1e+00]
Presolve removed 29 rows and 0 columns
Presolve time: 0.00s

Explored 0 nodes (0 simplex iterations) in 0.00 seconds (0.00 work units)
Thread count was 1 (of 12 available processors)

Solution count 0

Model is infeasible
Best objective -, best bound -, gap -

Gurobi 11.0.3 (win64, Java) logging started Mon May  5 11:03:48 2025

Set parameter Username
Set parameter LogFile to value "master.log"
Academic license - for non-commercial use only - expires 2025-10-31
Gurobi Optimizer version 11.0.3 build v11.0.3rc0 (win64 - Windows 11+.0 (26100.2))

CPU model: Intel(R) Core(TM) i7-10750H CPU @ 2.60GHz, instruction set [SSE2|AVX|AVX2]
Thread count: 6 physical cores, 12 logical processors, using up to 12 threads

Optimize a model with 35 rows, 16 columns and 125 nonzeros
Model fingerprint: 0xd2bc681d
Variable types: 0 continuous, 16 integer (16 binary)
Coefficient statistics:
  Matrix range     [1e+00, 1e+00]
  Objective range  [1e+03, 2e+03]
  Bounds range     [1e+00, 1e+00]
  RHS range        [1e+00, 1e+00]
Presolve removed 3 rows and 12 columns
Presolve time: 0.00s

Explored 0 nodes (0 simplex iterations) in 0.00 seconds (0.00 work units)
Thread count was 1 (of 12 available processors)

Solution count 0

Model is infeasible
Best objective -, best bound -, gap -

Gurobi 11.0.3 (win64, Java) logging started Mon May  5 11:04:41 2025

Set parameter Username
Set parameter LogFile to value "master.log"
Academic license - for non-commercial use only - expires 2025-10-31
Gurobi Optimizer version 11.0.3 build v11.0.3rc0 (win64 - Windows 11+.0 (26100.2))

CPU model: Intel(R) Core(TM) i7-10750H CPU @ 2.60GHz, instruction set [SSE2|AVX|AVX2]
Thread count: 6 physical cores, 12 logical processors, using up to 12 threads

Optimize a model with 32 rows, 4 columns and 32 nonzeros
Model fingerprint: 0x082b8378
Variable types: 0 continuous, 4 integer (4 binary)
Coefficient statistics:
  Matrix range     [1e+00, 1e+00]
  Objective range  [2e+03, 2e+03]
  Bounds range     [1e+00, 1e+00]
  RHS range        [1e+00, 1e+00]
Found heuristic solution: objective 8276.0000000
Presolve removed 32 rows and 4 columns
Presolve time: 0.01s
Presolve: All rows and columns removed

Explored 0 nodes (0 simplex iterations) in 0.01 seconds (0.00 work units)
Thread count was 1 (of 12 available processors)

Solution count 1: 8276 

Optimal solution found (tolerance 1.00e-04)
Best objective 8.276000000000e+03, best bound 8.276000000000e+03, gap 0.0000%

Gurobi 11.0.3 (win64, Java) logging started Mon May  5 11:05:01 2025

Set parameter Username
Set parameter LogFile to value "master.log"
Academic license - for non-commercial use only - expires 2025-10-31
Gurobi Optimizer version 11.0.3 build v11.0.3rc0 (win64 - Windows 11+.0 (26100.2))

CPU model: Intel(R) Core(TM) i7-10750H CPU @ 2.60GHz, instruction set [SSE2|AVX|AVX2]
Thread count: 6 physical cores, 12 logical processors, using up to 12 threads

Optimize a model with 35 rows, 16 columns and 125 nonzeros
Model fingerprint: 0xd2bc681d
Variable types: 0 continuous, 16 integer (16 binary)
Coefficient statistics:
  Matrix range     [1e+00, 1e+00]
  Objective range  [1e+03, 2e+03]
  Bounds range     [1e+00, 1e+00]
  RHS range        [1e+00, 1e+00]
Presolve removed 3 rows and 12 columns
Presolve time: 0.00s

Explored 0 nodes (0 simplex iterations) in 0.00 seconds (0.00 work units)
Thread count was 1 (of 12 available processors)

Solution count 0

Model is infeasible
Best objective -, best bound -, gap -

Gurobi 11.0.3 (win64, Java) logging started Mon May  5 11:05:58 2025

Set parameter Username
Set parameter LogFile to value "master.log"
Academic license - for non-commercial use only - expires 2025-10-31
Gurobi Optimizer version 11.0.3 build v11.0.3rc0 (win64 - Windows 11+.0 (26100.2))

CPU model: Intel(R) Core(TM) i7-10750H CPU @ 2.60GHz, instruction set [SSE2|AVX|AVX2]
Thread count: 6 physical cores, 12 logical processors, using up to 12 threads

Optimize a model with 4 rows, 16 columns and 16 nonzeros
Model fingerprint: 0x52625d50
Variable types: 0 continuous, 16 integer (16 binary)
Coefficient statistics:
  Matrix range     [1e+00, 1e+00]
  Objective range  [1e+03, 2e+03]
  Bounds range     [1e+00, 1e+00]
  RHS range        [1e+00, 1e+00]
Found heuristic solution: objective 8276.0000000
Presolve removed 4 rows and 16 columns
Presolve time: 0.00s
Presolve: All rows and columns removed

Explored 0 nodes (0 simplex iterations) in 0.00 seconds (0.00 work units)
Thread count was 1 (of 12 available processors)

Solution count 2: 6302 8276 

Optimal solution found (tolerance 1.00e-04)
Best objective 6.302000000000e+03, best bound 6.302000000000e+03, gap 0.0000%

Gurobi 11.0.3 (win64, Java) logging started Mon May  5 11:06:27 2025

Set parameter Username
Set parameter LogFile to value "master.log"
Academic license - for non-commercial use only - expires 2025-10-31
Gurobi Optimizer version 11.0.3 build v11.0.3rc0 (win64 - Windows 11+.0 (26100.2))

CPU model: Intel(R) Core(TM) i7-10750H CPU @ 2.60GHz, instruction set [SSE2|AVX|AVX2]
Thread count: 6 physical cores, 12 logical processors, using up to 12 threads

Optimize a model with 35 rows, 16 columns and 125 nonzeros
Model fingerprint: 0xd2bc681d
Variable types: 0 continuous, 16 integer (16 binary)
Coefficient statistics:
  Matrix range     [1e+00, 1e+00]
  Objective range  [1e+03, 2e+03]
  Bounds range     [1e+00, 1e+00]
  RHS range        [1e+00, 1e+00]
Presolve removed 3 rows and 12 columns
Presolve time: 0.00s

Explored 0 nodes (0 simplex iterations) in 0.00 seconds (0.00 work units)
Thread count was 1 (of 12 available processors)

Solution count 0

Model is infeasible
Best objective -, best bound -, gap -

Gurobi 11.0.3 (win64, Java) logging started Mon May  5 11:13:13 2025

Set parameter Username
Set parameter LogFile to value "master.log"
Academic license - for non-commercial use only - expires 2025-10-31
Gurobi Optimizer version 11.0.3 build v11.0.3rc0 (win64 - Windows 11+.0 (26100.2))

CPU model: Intel(R) Core(TM) i7-10750H CPU @ 2.60GHz, instruction set [SSE2|AVX|AVX2]
Thread count: 6 physical cores, 12 logical processors, using up to 12 threads

Optimize a model with 35 rows, 8 columns and 64 nonzeros
Model fingerprint: 0x262cccf9
Variable types: 0 continuous, 8 integer (8 binary)
Coefficient statistics:
  Matrix range     [1e+00, 1e+00]
  Objective range  [2e+03, 2e+03]
  Bounds range     [1e+00, 1e+00]
  RHS range        [1e+00, 1e+00]
Presolve time: 0.00s

Explored 0 nodes (0 simplex iterations) in 0.00 seconds (0.00 work units)
Thread count was 1 (of 12 available processors)

Solution count 0

Model is infeasible
Best objective -, best bound -, gap -

Gurobi 11.0.3 (win64, Java) logging started Mon May  5 11:13:34 2025

Set parameter Username
Set parameter LogFile to value "master.log"
Academic license - for non-commercial use only - expires 2025-10-31
Gurobi Optimizer version 11.0.3 build v11.0.3rc0 (win64 - Windows 11+.0 (26100.2))

CPU model: Intel(R) Core(TM) i7-10750H CPU @ 2.60GHz, instruction set [SSE2|AVX|AVX2]
Thread count: 6 physical cores, 12 logical processors, using up to 12 threads

Optimize a model with 32 rows, 8 columns and 64 nonzeros
Model fingerprint: 0xc3808e15
Variable types: 0 continuous, 8 integer (8 binary)
Coefficient statistics:
  Matrix range     [1e+00, 1e+00]
  Objective range  [2e+03, 2e+03]
  Bounds range     [1e+00, 1e+00]
  RHS range        [1e+00, 1e+00]
Presolve removed 32 rows and 8 columns
Presolve time: 0.00s
Presolve: All rows and columns removed

Explored 0 nodes (0 simplex iterations) in 0.00 seconds (0.00 work units)
Thread count was 1 (of 12 available processors)

Solution count 1: 8276 

Optimal solution found (tolerance 1.00e-04)
Best objective 8.276000000000e+03, best bound 8.276000000000e+03, gap 0.0000%

Gurobi 11.0.3 (win64, Java) logging started Mon May  5 11:14:15 2025

Set parameter Username
Set parameter LogFile to value "master.log"
Academic license - for non-commercial use only - expires 2025-10-31
Gurobi Optimizer version 11.0.3 build v11.0.3rc0 (win64 - Windows 11+.0 (26100.2))

CPU model: Intel(R) Core(TM) i7-10750H CPU @ 2.60GHz, instruction set [SSE2|AVX|AVX2]
Thread count: 6 physical cores, 12 logical processors, using up to 12 threads

Optimize a model with 62 rows, 8 columns and 88 nonzeros
Model fingerprint: 0x5cebc77b
Variable types: 0 continuous, 8 integer (8 binary)
Coefficient statistics:
  Matrix range     [1e+00, 1e+00]
  Objective range  [2e+03, 2e+03]
  Bounds range     [1e+00, 1e+00]
  RHS range        [1e+00, 1e+00]
Presolve removed 51 rows and 4 columns
Presolve time: 0.00s

Explored 0 nodes (0 simplex iterations) in 0.00 seconds (0.00 work units)
Thread count was 1 (of 12 available processors)

Solution count 0

Model is infeasible
Best objective -, best bound -, gap -

Gurobi 11.0.3 (win64, Java) logging started Mon May  5 11:14:34 2025

Set parameter Username
Set parameter LogFile to value "master.log"
Academic license - for non-commercial use only - expires 2025-10-31
Gurobi Optimizer version 11.0.3 build v11.0.3rc0 (win64 - Windows 11+.0 (26100.2))

CPU model: Intel(R) Core(TM) i7-10750H CPU @ 2.60GHz, instruction set [SSE2|AVX|AVX2]
Thread count: 6 physical cores, 12 logical processors, using up to 12 threads

Optimize a model with 32 rows, 8 columns and 64 nonzeros
Model fingerprint: 0xc3808e15
Variable types: 0 continuous, 8 integer (8 binary)
Coefficient statistics:
  Matrix range     [1e+00, 1e+00]
  Objective range  [2e+03, 2e+03]
  Bounds range     [1e+00, 1e+00]
  RHS range        [1e+00, 1e+00]
Presolve removed 32 rows and 8 columns
Presolve time: 0.00s
Presolve: All rows and columns removed

Explored 0 nodes (0 simplex iterations) in 0.00 seconds (0.00 work units)
Thread count was 1 (of 12 available processors)

Solution count 1: 8276 

Optimal solution found (tolerance 1.00e-04)
Best objective 8.276000000000e+03, best bound 8.276000000000e+03, gap 0.0000%

Gurobi 11.0.3 (win64, Java) logging started Mon May  5 11:34:28 2025

Set parameter Username
Set parameter LogFile to value "master.log"
Academic license - for non-commercial use only - expires 2025-10-31
Gurobi Optimizer version 11.0.3 build v11.0.3rc0 (win64 - Windows 11+.0 (26100.2))

CPU model: Intel(R) Core(TM) i7-10750H CPU @ 2.60GHz, instruction set [SSE2|AVX|AVX2]
Thread count: 6 physical cores, 12 logical processors, using up to 12 threads

Optimize a model with 53 rows, 8 columns and 64 nonzeros
Model fingerprint: 0x8890a3c3
Variable types: 0 continuous, 8 integer (8 binary)
Coefficient statistics:
  Matrix range     [1e+00, 1e+00]
  Objective range  [2e+03, 2e+03]
  Bounds range     [1e+00, 1e+00]
  RHS range        [1e+00, 1e+00]
Presolve time: 0.00s

Explored 0 nodes (0 simplex iterations) in 0.00 seconds (0.00 work units)
Thread count was 1 (of 12 available processors)

Solution count 0

Model is infeasible
Best objective -, best bound -, gap -

Gurobi 11.0.3 (win64, Java) logging started Mon May  5 11:35:06 2025

Set parameter Username
Set parameter LogFile to value "master.log"
Academic license - for non-commercial use only - expires 2025-10-31
Gurobi Optimizer version 11.0.3 build v11.0.3rc0 (win64 - Windows 11+.0 (26100.2))

CPU model: Intel(R) Core(TM) i7-10750H CPU @ 2.60GHz, instruction set [SSE2|AVX|AVX2]
Thread count: 6 physical cores, 12 logical processors, using up to 12 threads

Optimize a model with 83 rows, 8 columns and 88 nonzeros
Model fingerprint: 0x5e1c06f0
Variable types: 0 continuous, 8 integer (8 binary)
Coefficient statistics:
  Matrix range     [1e+00, 1e+00]
  Objective range  [2e+03, 2e+03]
  Bounds range     [1e+00, 1e+00]
  RHS range        [1e+00, 1e+00]
Presolve removed 24 rows and 0 columns
Presolve time: 0.00s

Explored 0 nodes (0 simplex iterations) in 0.00 seconds (0.00 work units)
Thread count was 1 (of 12 available processors)

Solution count 0

Model is infeasible
Best objective -, best bound -, gap -

Gurobi 11.0.3 (win64, Java) logging started Mon May  5 11:35:33 2025

Set parameter Username
Set parameter LogFile to value "master.log"
Academic license - for non-commercial use only - expires 2025-10-31
Gurobi Optimizer version 11.0.3 build v11.0.3rc0 (win64 - Windows 11+.0 (26100.2))

CPU model: Intel(R) Core(TM) i7-10750H CPU @ 2.60GHz, instruction set [SSE2|AVX|AVX2]
Thread count: 6 physical cores, 12 logical processors, using up to 12 threads

Optimize a model with 62 rows, 4 columns and 44 nonzeros
Model fingerprint: 0x0d9e6fb0
Variable types: 0 continuous, 4 integer (4 binary)
Coefficient statistics:
  Matrix range     [1e+00, 1e+00]
  Objective range  [2e+03, 2e+03]
  Bounds range     [1e+00, 1e+00]
  RHS range        [1e+00, 1e+00]
Presolve removed 29 rows and 0 columns
Presolve time: 0.00s

Explored 0 nodes (0 simplex iterations) in 0.00 seconds (0.00 work units)
Thread count was 1 (of 12 available processors)

Solution count 0

Model is infeasible
Best objective -, best bound -, gap -

Gurobi 11.0.3 (win64, Java) logging started Mon May  5 11:35:51 2025

Set parameter Username
Set parameter LogFile to value "master.log"
Academic license - for non-commercial use only - expires 2025-10-31
Gurobi Optimizer version 11.0.3 build v11.0.3rc0 (win64 - Windows 11+.0 (26100.2))

CPU model: Intel(R) Core(TM) i7-10750H CPU @ 2.60GHz, instruction set [SSE2|AVX|AVX2]
Thread count: 6 physical cores, 12 logical processors, using up to 12 threads

Optimize a model with 32 rows, 4 columns and 32 nonzeros
Model fingerprint: 0x082b8378
Variable types: 0 continuous, 4 integer (4 binary)
Coefficient statistics:
  Matrix range     [1e+00, 1e+00]
  Objective range  [2e+03, 2e+03]
  Bounds range     [1e+00, 1e+00]
  RHS range        [1e+00, 1e+00]
Found heuristic solution: objective 8276.0000000
Presolve removed 32 rows and 4 columns
Presolve time: 0.00s
Presolve: All rows and columns removed

Explored 0 nodes (0 simplex iterations) in 0.00 seconds (0.00 work units)
Thread count was 1 (of 12 available processors)

Solution count 1: 8276 

Optimal solution found (tolerance 1.00e-04)
Best objective 8.276000000000e+03, best bound 8.276000000000e+03, gap 0.0000%

Gurobi 11.0.3 (win64, Java) logging started Mon May  5 11:40:53 2025

Set parameter Username
Set parameter LogFile to value "master.log"
Academic license - for non-commercial use only - expires 2025-10-31
Gurobi Optimizer version 11.0.3 build v11.0.3rc0 (win64 - Windows 11+.0 (26100.2))

CPU model: Intel(R) Core(TM) i7-10750H CPU @ 2.60GHz, instruction set [SSE2|AVX|AVX2]
Thread count: 6 physical cores, 12 logical processors, using up to 12 threads

Optimize a model with 32 rows, 4 columns and 32 nonzeros
Model fingerprint: 0x082b8378
Variable types: 0 continuous, 4 integer (4 binary)
Coefficient statistics:
  Matrix range     [1e+00, 1e+00]
  Objective range  [2e+03, 2e+03]
  Bounds range     [1e+00, 1e+00]
  RHS range        [1e+00, 1e+00]
Found heuristic solution: objective 8276.0000000
Presolve removed 32 rows and 4 columns
Presolve time: 0.00s
Presolve: All rows and columns removed

Explored 0 nodes (0 simplex iterations) in 0.00 seconds (0.00 work units)
Thread count was 1 (of 12 available processors)

Solution count 1: 8276 

Optimal solution found (tolerance 1.00e-04)
Best objective 8.276000000000e+03, best bound 8.276000000000e+03, gap 0.0000%
